<?xml version="1.0" encoding="UTF-8"?>
<testng-results ignored="0" total="1" passed="1" failed="0" skipped="0">
  <reporter-output>
  </reporter-output>
  <suite started-at="2022-01-21T11:49:56Z" name="Default suite" finished-at="2022-01-21T11:50:59Z" duration-ms="62144">
    <groups>
    </groups>
    <test started-at="2022-01-21T11:49:56Z" name="Default test" finished-at="2022-01-21T11:50:59Z" duration-ms="62144">
      <class name="element.log">
        <test-method signature="Log()[pri:0, instance:element.log@5454d35e]" started-at="2022-01-21T03:49:56Z" name="Log" finished-at="2022-01-21T03:50:59Z" duration-ms="62108" status="PASS">
          <reporter-output>
          </reporter-output>
        </test-method> <!-- Log -->
      </class> <!-- element.log -->
    </test> <!-- Default test -->
  </suite> <!-- Default suite -->
</testng-results>
